q:\github_repo\infosec\lab3\consoleapp1\clib\x64\debug\clib.pch
q:\github_repo\infosec\lab3\consoleapp1\clib\x64\debug\vc143.pdb
q:\github_repo\infosec\lab3\consoleapp1\clib\x64\debug\vc143.idb
q:\github_repo\infosec\lab3\consoleapp1\clib\x64\debug\pch.obj
q:\github_repo\infosec\lab3\consoleapp1\clib\x64\debug\sha512.obj
q:\github_repo\infosec\lab3\consoleapp1\clib\x64\debug\sha384.obj
q:\github_repo\infosec\lab3\consoleapp1\clib\x64\debug\sha256.obj
q:\github_repo\infosec\lab3\consoleapp1\clib\x64\debug\dllmain.obj
q:\github_repo\infosec\lab3\consoleapp1\clib\x64\debug\contenthash.obj
q:\github_repo\infosec\lab3\consoleapp1\x64\debug\clib.dll
q:\github_repo\infosec\lab3\consoleapp1\x64\debug\clib.lib
q:\github_repo\infosec\lab3\consoleapp1\x64\debug\clib.exp
q:\github_repo\infosec\lab3\consoleapp1\clib\x64\debug\clib.ilk
q:\github_repo\infosec\lab3\consoleapp1\clib\x64\debug\clib.tlog\cl.command.1.tlog
q:\github_repo\infosec\lab3\consoleapp1\clib\x64\debug\clib.tlog\cl.items.tlog
q:\github_repo\infosec\lab3\consoleapp1\clib\x64\debug\clib.tlog\cl.read.1.tlog
q:\github_repo\infosec\lab3\consoleapp1\clib\x64\debug\clib.tlog\cl.write.1.tlog
q:\github_repo\infosec\lab3\consoleapp1\clib\x64\debug\clib.tlog\link.command.1.tlog
q:\github_repo\infosec\lab3\consoleapp1\clib\x64\debug\clib.tlog\link.read.1.tlog
q:\github_repo\infosec\lab3\consoleapp1\clib\x64\debug\clib.tlog\link.secondary.1.tlog
q:\github_repo\infosec\lab3\consoleapp1\clib\x64\debug\clib.tlog\link.write.1.tlog
